TN:
SF:app.js
FN:23,(anonymous_0)
FNF:1
FNH:0
FNDA:0,(anonymous_0)
DA:1,1
DA:2,1
DA:3,1
DA:4,1
DA:5,1
DA:6,1
DA:7,1
DA:9,1
DA:10,1
DA:13,1
DA:14,1
DA:16,1
DA:21,1
DA:22,1
DA:23,1
DA:24,0
DA:27,1
DA:29,1
DA:30,1
DA:31,1
DA:33,1
DA:35,1
LF:22
LH:21
BRF:0
BRH:0
end_of_record
TN:
SF:config\passport.js
FN:18,(anonymous_0)
FNF:1
FNH:0
FNDA:0,(anonymous_0)
DA:1,1
DA:2,1
DA:4,1
DA:10,1
DA:18,1
DA:19,0
DA:20,0
DA:21,0
DA:22,0
DA:23,0
DA:24,0
DA:26,0
DA:28,0
DA:32,1
DA:34,1
LF:15
LH:7
BRDA:23,0,0,0
BRDA:23,0,1,0
BRF:2
BRH:0
end_of_record
TN:
SF:controllers\assistant.js
FN:8,(anonymous_0)
FN:32,(anonymous_1)
FNF:2
FNH:0
FNDA:0,(anonymous_0)
FNDA:0,(anonymous_1)
DA:1,1
DA:2,1
DA:3,1
DA:6,1
DA:10,0
DA:11,0
DA:14,0
DA:15,0
DA:18,0
DA:19,0
DA:23,0
DA:24,0
DA:25,0
DA:26,0
DA:28,0
DA:29,0
DA:32,0
DA:33,0
DA:42,0
DA:46,0
DA:47,0
DA:50,0
DA:55,0
DA:56,0
DA:66,1
LF:25
LH:5
BRDA:14,0,0,0
BRDA:14,0,1,0
BRDA:18,1,0,0
BRDA:18,1,1,0
BRDA:28,2,0,0
BRDA:28,2,1,0
BRDA:32,3,0,0
BRDA:32,3,1,0
BRDA:46,4,0,0
BRDA:46,4,1,0
BRF:10
BRH:0
end_of_record
TN:
SF:controllers\doctor.js
FN:7,(anonymous_0)
FN:35,(anonymous_1)
FN:49,(anonymous_2)
FN:51,(anonymous_3)
FN:62,(anonymous_4)
FN:99,(anonymous_5)
FN:142,(anonymous_6)
FN:167,(anonymous_7)
FN:169,(anonymous_8)
FN:175,(anonymous_9)
FN:211,(anonymous_10)
FN:229,(anonymous_11)
FN:253,(anonymous_12)
FN:266,(anonymous_13)
FN:276,(anonymous_14)
FN:300,(anonymous_15)
FN:332,(anonymous_16)
FN:355,(anonymous_17)
FNF:18
FNH:13
FNDA:1,(anonymous_0)
FNDA:1,(anonymous_1)
FNDA:1,(anonymous_2)
FNDA:0,(anonymous_3)
FNDA:1,(anonymous_4)
FNDA:1,(anonymous_5)
FNDA:1,(anonymous_6)
FNDA:1,(anonymous_7)
FNDA:0,(anonymous_8)
FNDA:1,(anonymous_9)
FNDA:1,(anonymous_10)
FNDA:0,(anonymous_11)
FNDA:0,(anonymous_12)
FNDA:0,(anonymous_13)
FNDA:1,(anonymous_14)
FNDA:1,(anonymous_15)
FNDA:1,(anonymous_16)
FNDA:1,(anonymous_17)
DA:1,1
DA:2,1
DA:3,1
DA:5,1
DA:9,1
DA:11,1
DA:12,1
DA:14,1
DA:16,1
DA:17,0
DA:20,1
DA:21,0
DA:24,1
DA:25,0
DA:28,1
DA:29,0
DA:32,1
DA:33,0
DA:35,1
DA:36,1
DA:37,0
DA:38,0
DA:40,1
DA:49,1
DA:50,1
DA:51,0
DA:53,1
DA:54,1
DA:64,1
DA:65,1
DA:66,1
DA:68,1
DA:69,0
DA:73,1
DA:74,1
DA:75,1
DA:77,1
DA:84,1
DA:85,0
DA:88,1
DA:93,0
DA:94,0
DA:101,1
DA:102,1
DA:104,1
DA:105,0
DA:108,1
DA:109,1
DA:110,1
DA:111,1
DA:113,1
DA:114,0
DA:116,1
DA:117,0
DA:120,1
DA:121,1
DA:122,1
DA:123,1
DA:126,1
DA:127,0
DA:130,1
DA:135,0
DA:136,0
DA:144,1
DA:145,1
DA:147,1
DA:149,1
DA:150,0
DA:153,1
DA:154,0
DA:157,1
DA:158,0
DA:160,1
DA:167,1
DA:168,1
DA:169,0
DA:178,1
DA:180,1
DA:181,0
DA:184,1
DA:185,1
DA:186,1
DA:188,1
DA:194,1
DA:195,0
DA:199,1
DA:203,0
DA:204,0
DA:212,1
DA:213,1
DA:215,1
DA:216,0
DA:219,1
DA:220,1
DA:221,1
DA:222,1
DA:226,1
DA:227,0
DA:229,1
DA:230,0
DA:233,1
DA:234,1
DA:235,1
DA:238,1
DA:239,0
DA:242,1
DA:247,0
DA:248,0
DA:255,0
DA:257,0
DA:258,0
DA:261,0
DA:263,0
DA:264,0
DA:266,0
DA:268,0
DA:271,0
DA:272,0
DA:277,1
DA:278,1
DA:280,1
DA:281,0
DA:284,1
DA:286,1
DA:287,0
DA:291,1
DA:295,0
DA:302,1
DA:303,1
DA:305,1
DA:306,0
DA:309,1
DA:311,1
DA:312,1
DA:313,1
DA:318,1
DA:321,0
DA:326,0
DA:327,0
DA:333,1
DA:334,1
DA:336,1
DA:337,0
DA:340,1
DA:342,1
DA:343,0
DA:347,1
DA:351,0
DA:356,1
DA:357,1
DA:359,1
DA:360,0
DA:363,1
DA:365,1
DA:366,1
DA:367,1
DA:373,1
DA:376,0
DA:381,0
DA:382,0
DA:391,1
LF:161
LH:105
BRDA:16,0,0,0
BRDA:16,0,1,1
BRDA:16,1,0,1
BRDA:16,1,1,1
BRDA:16,1,2,1
BRDA:16,1,3,1
BRDA:16,1,4,1
BRDA:16,1,5,1
BRDA:20,2,0,0
BRDA:20,2,1,1
BRDA:24,3,0,0
BRDA:24,3,1,1
BRDA:28,4,0,0
BRDA:28,4,1,1
BRDA:32,5,0,0
BRDA:32,5,1,1
BRDA:36,6,0,0
BRDA:36,6,1,1
BRDA:68,7,0,0
BRDA:68,7,1,1
BRDA:68,8,0,1
BRDA:68,8,1,0
BRDA:84,9,0,0
BRDA:84,9,1,1
BRDA:104,10,0,0
BRDA:104,10,1,1
BRDA:104,11,0,1
BRDA:104,11,1,0
BRDA:113,12,0,0
BRDA:113,12,1,1
BRDA:116,13,0,0
BRDA:116,13,1,1
BRDA:126,14,0,0
BRDA:126,14,1,1
BRDA:149,15,0,0
BRDA:149,15,1,1
BRDA:149,16,0,1
BRDA:149,16,1,1
BRDA:149,16,2,1
BRDA:153,17,0,0
BRDA:153,17,1,1
BRDA:157,18,0,0
BRDA:157,18,1,1
BRDA:180,19,0,0
BRDA:180,19,1,1
BRDA:194,20,0,0
BRDA:194,20,1,1
BRDA:215,21,0,0
BRDA:215,21,1,1
BRDA:215,22,0,1
BRDA:215,22,1,0
BRDA:226,23,0,0
BRDA:226,23,1,1
BRDA:229,24,0,0
BRDA:229,24,1,1
BRDA:238,25,0,0
BRDA:238,25,1,1
BRDA:257,26,0,0
BRDA:257,26,1,0
BRDA:280,27,0,0
BRDA:280,27,1,1
BRDA:286,28,0,0
BRDA:286,28,1,1
BRDA:305,29,0,0
BRDA:305,29,1,1
BRDA:311,30,0,1
BRDA:311,30,1,0
BRDA:336,31,0,0
BRDA:336,31,1,1
BRDA:342,32,0,0
BRDA:342,32,1,1
BRDA:359,33,0,0
BRDA:359,33,1,1
BRDA:365,34,0,1
BRDA:365,34,1,0
BRF:75
BRH:41
end_of_record
TN:
SF:controllers\employee.js
FN:7,(anonymous_0)
FN:18,(anonymous_1)
FN:37,(anonymous_2)
FN:48,(anonymous_3)
FN:49,(anonymous_4)
FN:54,(anonymous_5)
FN:57,(anonymous_6)
FN:66,(anonymous_7)
FNF:8
FNH:0
FNDA:0,(anonymous_0)
FNDA:0,(anonymous_1)
FNDA:0,(anonymous_2)
FNDA:0,(anonymous_3)
FNDA:0,(anonymous_4)
FNDA:0,(anonymous_5)
FNDA:0,(anonymous_6)
FNDA:0,(anonymous_7)
DA:1,1
DA:2,1
DA:3,1
DA:4,1
DA:7,1
DA:8,0
DA:13,0
DA:16,1
DA:19,0
DA:20,0
DA:22,0
DA:23,0
DA:26,0
DA:27,0
DA:30,0
DA:31,0
DA:34,0
DA:35,0
DA:37,0
DA:38,0
DA:39,0
DA:40,0
DA:42,0
DA:48,0
DA:49,0
DA:50,0
DA:51,0
DA:52,0
DA:55,0
DA:57,0
DA:67,0
DA:68,0
DA:69,0
DA:71,0
DA:72,0
DA:73,0
DA:74,0
DA:78,0
DA:82,0
DA:83,0
DA:93,1
LF:41
LH:7
BRDA:7,0,0,0
BRDA:22,1,0,0
BRDA:22,1,1,0
BRDA:22,2,0,0
BRDA:22,2,1,0
BRDA:22,2,2,0
BRDA:22,2,3,0
BRDA:26,3,0,0
BRDA:26,3,1,0
BRDA:26,4,0,0
BRDA:26,4,1,0
BRDA:30,5,0,0
BRDA:30,5,1,0
BRDA:34,6,0,0
BRDA:34,6,1,0
BRDA:38,7,0,0
BRDA:38,7,1,0
BRDA:50,8,0,0
BRDA:50,8,1,0
BRDA:71,9,0,0
BRDA:71,9,1,0
BRF:21
BRH:0
end_of_record
TN:
SF:controllers\manager.js
FN:6,(anonymous_0)
FN:43,(anonymous_1)
FN:80,(anonymous_2)
FN:116,(anonymous_3)
FN:148,(anonymous_4)
FN:178,(anonymous_5)
FN:213,(anonymous_6)
FN:244,(anonymous_7)
FNF:8
FNH:0
FNDA:0,(anonymous_0)
FNDA:0,(anonymous_1)
FNDA:0,(anonymous_2)
FNDA:0,(anonymous_3)
FNDA:0,(anonymous_4)
FNDA:0,(anonymous_5)
FNDA:0,(anonymous_6)
FNDA:0,(anonymous_7)
DA:1,1
DA:2,1
DA:4,1
DA:7,0
DA:8,0
DA:10,0
DA:11,0
DA:14,0
DA:15,0
DA:17,0
DA:18,0
DA:21,0
DA:22,0
DA:25,0
DA:26,0
DA:28,0
DA:34,0
DA:36,0
DA:38,0
DA:39,0
DA:45,0
DA:47,0
DA:48,0
DA:51,0
DA:52,0
DA:55,0
DA:56,0
DA:57,0
DA:59,0
DA:66,0
DA:67,0
DA:70,0
DA:75,0
DA:76,0
DA:81,0
DA:82,0
DA:84,0
DA:85,0
DA:88,0
DA:89,0
DA:91,0
DA:92,0
DA:95,0
DA:96,0
DA:99,0
DA:100,0
DA:102,0
DA:107,0
DA:109,0
DA:111,0
DA:112,0
DA:118,0
DA:120,0
DA:121,0
DA:124,0
DA:125,0
DA:127,0
DA:136,0
DA:137,0
DA:141,0
DA:143,0
DA:144,0
DA:150,0
DA:151,0
DA:153,0
DA:154,0
DA:157,0
DA:159,0
DA:160,0
DA:163,0
DA:164,0
DA:167,0
DA:173,0
DA:180,0
DA:181,0
DA:183,0
DA:184,0
DA:187,0
DA:188,0
DA:191,0
DA:193,0
DA:194,0
DA:195,0
DA:200,0
DA:205,0
DA:206,0
DA:215,0
DA:216,0
DA:218,0
DA:219,0
DA:222,0
DA:224,0
DA:225,0
DA:228,0
DA:229,0
DA:232,0
DA:238,0
DA:246,0
DA:247,0
DA:249,0
DA:250,0
DA:253,0
DA:255,0
DA:256,0
DA:258,0
DA:263,0
DA:266,0
DA:271,0
DA:272,0
DA:281,1
LF:110
LH:4
BRDA:10,0,0,0
BRDA:10,0,1,0
BRDA:17,1,0,0
BRDA:17,1,1,0
BRDA:21,2,0,0
BRDA:21,2,1,0
BRDA:47,3,0,0
BRDA:47,3,1,0
BRDA:51,4,0,0
BRDA:51,4,1,0
BRDA:66,5,0,0
BRDA:66,5,1,0
BRDA:84,6,0,0
BRDA:84,6,1,0
BRDA:91,7,0,0
BRDA:91,7,1,0
BRDA:95,8,0,0
BRDA:95,8,1,0
BRDA:120,9,0,0
BRDA:120,9,1,0
BRDA:153,10,0,0
BRDA:153,10,1,0
BRDA:159,11,0,0
BRDA:159,11,1,0
BRDA:163,12,0,0
BRDA:163,12,1,0
BRDA:183,13,0,0
BRDA:183,13,1,0
BRDA:187,14,0,0
BRDA:187,14,1,0
BRDA:187,15,0,0
BRDA:187,15,1,0
BRDA:193,16,0,0
BRDA:193,16,1,0
BRDA:218,17,0,0
BRDA:218,17,1,0
BRDA:224,18,0,0
BRDA:224,18,1,0
BRDA:228,19,0,0
BRDA:228,19,1,0
BRDA:249,20,0,0
BRDA:249,20,1,0
BRDA:255,21,0,0
BRDA:255,21,1,0
BRF:44
BRH:0
end_of_record
TN:
SF:models\Employee.js
FNF:0
FNH:0
DA:1,2
DA:2,2
DA:4,2
DA:13,2
LF:4
LH:4
BRF:0
BRH:0
end_of_record
TN:
SF:models\Patients.js
FNF:0
FNH:0
DA:1,2
DA:3,2
DA:5,2
DA:18,2
LF:4
LH:4
BRF:0
BRH:0
end_of_record
TN:
SF:models\Treatments.js
FNF:0
FNH:0
DA:1,2
DA:2,2
DA:4,2
DA:10,2
LF:4
LH:4
BRF:0
BRH:0
end_of_record
TN:
SF:routes\assistant.js
FNF:0
FNH:0
DA:1,1
DA:2,1
DA:3,1
DA:4,1
DA:6,1
DA:9,1
LF:6
LH:6
BRF:0
BRH:0
end_of_record
TN:
SF:routes\doctor.js
FNF:0
FNH:0
DA:1,1
DA:2,1
DA:3,1
DA:4,1
DA:7,1
DA:8,1
DA:9,1
DA:10,1
DA:11,1
DA:12,1
DA:13,1
DA:14,1
DA:15,1
DA:16,1
DA:17,1
DA:19,1
LF:16
LH:16
BRF:0
BRH:0
end_of_record
TN:
SF:routes\employee.js
FNF:0
FNH:0
DA:1,1
DA:2,1
DA:3,1
DA:4,1
DA:7,1
DA:8,1
DA:11,1
LF:7
LH:7
BRF:0
BRH:0
end_of_record
TN:
SF:routes\index.js
FN:16,(anonymous_0)
FNF:1
FNH:0
FNDA:0,(anonymous_0)
DA:1,1
DA:2,1
DA:3,1
DA:4,1
DA:5,1
DA:6,1
DA:9,1
DA:10,1
DA:11,1
DA:12,1
DA:16,1
DA:17,0
DA:18,0
DA:19,0
DA:21,1
LF:15
LH:12
BRF:0
BRH:0
end_of_record
TN:
SF:routes\manager.js
FNF:0
FNH:0
DA:1,1
DA:2,1
DA:3,1
DA:4,1
DA:6,1
DA:7,1
DA:8,1
DA:9,1
DA:10,1
DA:11,1
DA:12,1
DA:13,1
DA:16,1
LF:13
LH:13
BRF:0
BRH:0
end_of_record
